'https://watch.lesmillsondemand.com/at-home-workouts/season:2/videos/bodypump-110-55-min'
'https://watch.lesmillsondemand.com/at-home-workouts/season:2/videos/bodycombat-80-55-min'
'https://watch.lesmillsondemand.com/at-home-workouts/season:2/videos/bodybalance-85-55-min'
'https://watch.lesmillsondemand.com/at-home-workouts/season:2/videos/les-mills-grit-29-athletic'
'https://watch.lesmillsondemand.com/at-home-workouts/season:2/videos/les-mills-grit-29-cardio'
'https://watch.lesmillsondemand.com/at-home-workouts/season:2/videos/les-mills-grit-29-strength'
'https://watch.lesmillsondemand.com/at-home-workouts/season:2/videos/cxworx-35-30-min'
'https://watch.lesmillsondemand.com/at-home-workouts/season:2/videos/rpm-83-45-min'
'https://watch.lesmillsondemand.com/at-home-workouts/season:2/videos/bodyattack-105-55-min'
'https://watch.lesmillsondemand.com/at-home-workouts/season:2/videos/bodystep-116-55-min'
'https://watch.lesmillsondemand.com/at-home-workouts/season:2/videos/sh-bam-36-45-min'
'https://watch.lesmillsondemand.com/at-home-workouts/season:2/videos/les-mills-sprint-16'
'https://watch.lesmillsondemand.com/at-home-workouts/season:2/videos/les-mills-barre-07-30-min'
'https://watch.lesmillsondemand.com/at-home-workouts/season:2/videos/the-trip-18'
'https://watch.lesmillsondemand.com/at-home-workouts/season:3/videos/bodycombat-invincible-intro'
'https://watch.lesmillsondemand.com/at-home-workouts/season:3/videos/bodycombat-invincible-workout-01'
'https://watch.lesmillsondemand.com/at-home-workouts/season:3/videos/bodycombat-invincible-workout-02'
'https://watch.lesmillsondemand.com/at-home-workouts/season:3/videos/bodycombat-invincible-workout-03'
'https://watch.lesmillsondemand.com/at-home-workouts/season:3/videos/bodycombat-invincible-workout-04'
'https://watch.lesmillsondemand.com/at-home-workouts/season:3/videos/bodycombat-invincible-week-1-wrap'
'https://watch.lesmillsondemand.com/at-home-workouts/season:3/videos/bodycombat-invincible-workout-05'
'https://watch.lesmillsondemand.com/at-home-workouts/season:3/videos/bodycombat-invincible-workout-06'
'https://watch.lesmillsondemand.com/at-home-workouts/season:3/videos/bodycombat-invincible-workout-07'
'https://watch.lesmillsondemand.com/at-home-workouts/season:3/videos/bodycombat-invincible-workout-08'
'https://watch.lesmillsondemand.com/at-home-workouts/season:3/videos/bodycombat-invincible-week-2-wrap'
'https://watch.lesmillsondemand.com/at-home-workouts/season:3/videos/bodycombat-invincible-workout-09'
'https://watch.lesmillsondemand.com/at-home-workouts/season:3/videos/bodycombat-invincible-workout-10'
'https://watch.lesmillsondemand.com/at-home-workouts/season:3/videos/bodycombat-invincible-workout-11'
'https://watch.lesmillsondemand.com/at-home-workouts/season:3/videos/bodycombat-invincible-week-3-wrap'
'https://watch.lesmillsondemand.com/at-home-workouts/season:3/videos/bodycombat-invincible-workout-12'
'https://watch.lesmillsondemand.com/at-home-workouts/season:3/videos/bodycombat-invincible-workout-13'
'https://watch.lesmillsondemand.com/at-home-workouts/season:3/videos/bodycombat-invincible-workout-14'
'https://watch.lesmillsondemand.com/at-home-workouts/season:3/videos/bodycombat-invincible-week-4-wrap'
'https://watch.lesmillsondemand.com/at-home-workouts/season:4/videos/les-mills-grit-hiit-beyond-30-min'
'https://watch.lesmillsondemand.com/at-home-workouts/season:4/videos/les-mills-grit-hiit-beyond-level-1'
'https://watch.lesmillsondemand.com/at-home-workouts/season:4/videos/les-mills-grit-hiit-beyond-level-2'
'https://watch.lesmillsondemand.com/at-home-workouts/season:4/videos/les-mills-grit-hiit-beyond-level-3'
'https://watch.lesmillsondemand.com/at-home-workouts/season:4/videos/les-mills-grit-quick-hiit-workout-01'
'https://watch.lesmillsondemand.com/at-home-workouts/season:4/videos/les-mills-grit-quick-hiit-workout-03'
'https://watch.lesmillsondemand.com/at-home-workouts/season:4/videos/les-mills-grit-quick-hiit-workout-04'
'https://watch.lesmillsondemand.com/at-home-workouts/season:4/videos/les-mills-grit-27-cardio-1'
'https://watch.lesmillsondemand.com/at-home-workouts/season:4/videos/les-mills-grit-27-strength'
'https://watch.lesmillsondemand.com/at-home-workouts/season:4/videos/les-mills-grit-26-cardio'
'https://watch.lesmillsondemand.com/at-home-workouts/season:4/videos/les-mills-grit-25-cardio'
'https://watch.lesmillsondemand.com/at-home-workouts/season:4/videos/2018-1-grit-strength-24-30min-lmod'
'https://watch.lesmillsondemand.com/at-home-workouts/season:4/videos/hitblast-cardio19-20-lmod-shorts'
'https://watch.lesmillsondemand.com/at-home-workouts/season:4/videos/les-mills-grit-work-out-like-nina-30-min-lmod'
'https://watch.lesmillsondemand.com/at-home-workouts/season:5/videos/les-mills-training-cardio-01-1'
'https://watch.lesmillsondemand.com/at-home-workouts/season:5/videos/les-mills-training-cardio-01-express'
'https://watch.lesmillsondemand.com/at-home-workouts/season:5/videos/les-mills-training-cardio-02-express'
'https://watch.lesmillsondemand.com/at-home-workouts/season:5/videos/les-mills-training-yoga-flow-01'
'https://watch.lesmillsondemand.com/at-home-workouts/season:6/videos/lmod-mindfulness-mindfulness-of-breathing-15min'
'https://watch.lesmillsondemand.com/at-home-workouts/season:6/videos/lmod-mindfulness-noting-thoughts-15min'
'https://watch.lesmillsondemand.com/at-home-workouts/season:6/videos/lmod-mindfulness-boxing-thoughts-15min'
'https://watch.lesmillsondemand.com/at-home-workouts/season:6/videos/lmod-mindfulness-breath-in-the-body-15min'
'https://watch.lesmillsondemand.com/at-home-workouts/season:6/videos/lmod-mindfulness-ten-counts-15min'
'https://watch.lesmillsondemand.com/at-home-workouts/season:6/videos/lmod-mindfulness-labelling-thoughts-15min'
'https://watch.lesmillsondemand.com/at-home-workouts/season:6/videos/lmod-mindfulness-four-in-four-out-15min'
'https://watch.lesmillsondemand.com/at-home-workouts/season:6/videos/lmod-mindfulness-parts-of-breath-15min'
'https://watch.lesmillsondemand.com/at-home-workouts/season:6/videos/lmod-mindfulness-weight-of-limbs-15min'
'https://watch.lesmillsondemand.com/at-home-workouts/season:6/videos/lmod-mindfulness-body-scan-1-15min'
'https://watch.lesmillsondemand.com/at-home-workouts/season:6/videos/lmod-mindfulness-body-scan-2-15min'
'https://watch.lesmillsondemand.com/at-home-workouts/season:7/videos/born-to-move-marvel-let-s-go'
'https://watch.lesmillsondemand.com/at-home-workouts/season:7/videos/born-to-move-18-4-5-vacation'
'https://watch.lesmillsondemand.com/at-home-workouts/season:7/videos/born-to-move-18-4-5-carpenter-lennox'
'https://watch.lesmillsondemand.com/at-home-workouts/season:7/videos/born-to-move-17-4-5-the-wizard'
'https://watch.lesmillsondemand.com/at-home-workouts/season:7/videos/born-to-move-16-4-5-conductor-notrowskij'
'https://watch.lesmillsondemand.com/at-home-workouts/season:7/videos/born-to-move-16-4-5-recycling'
'https://watch.lesmillsondemand.com/at-home-workouts/season:7/videos/born-to-move-15-4-5-magic-lamp'
'https://watch.lesmillsondemand.com/at-home-workouts/season:7/videos/lmod-born-to-move-14-4-5yrs-i-call-my-friend-13min'
'https://watch.lesmillsondemand.com/at-home-workouts/season:7/videos/born-to-move-13-4-5yrs-40min-lmod-1'
'https://watch.lesmillsondemand.com/at-home-workouts/season:8/videos/les-mills-technique-tricep-extension'
'https://watch.lesmillsondemand.com/at-home-workouts/season:8/videos/les-mills-technique-bodypump-foundations-1'
'https://watch.lesmillsondemand.com/at-home-workouts/season:8/videos/les-mills-technique-plate-squat-curl-press'
'https://watch.lesmillsondemand.com/at-home-workouts/season:8/videos/les-mills-technique-lunge-with-side-raise'
'https://watch.lesmillsondemand.com/at-home-workouts/season:8/videos/les-mills-technique-tricep-pushup'
'https://watch.lesmillsondemand.com/at-home-workouts/season:8/videos/les-mills-technique-deadrow'
'https://watch.lesmillsondemand.com/at-home-workouts/season:8/videos/les-mills-technique-upright-row-with-mac-raise'
'https://watch.lesmillsondemand.com/at-home-workouts/season:8/videos/les-mills-technique-standing-arnold-press-combo'
'https://watch.lesmillsondemand.com/at-home-workouts/season:8/videos/les-mills-technique-standing-quadricep-stretch'
'https://watch.lesmillsondemand.com/at-home-workouts/season:8/videos/les-mills-technique-deadlift'
'https://watch.lesmillsondemand.com/at-home-workouts/season:8/videos/les-mills-technique-alternating-backward-stepping-lunge'
'https://watch.lesmillsondemand.com/at-home-workouts/season:8/videos/les-mills-technique-squat'
'https://watch.lesmillsondemand.com/at-home-workouts/season:8/videos/les-mills-technique-chest-press'
'https://watch.lesmillsondemand.com/at-home-workouts/season:8/videos/les-mills-technique-clean-press'
'https://watch.lesmillsondemand.com/at-home-workouts/season:8/videos/les-mills-technique-childs-pose'
'https://watch.lesmillsondemand.com/at-home-workouts/season:8/videos/les-mills-technique-seated-hurdler-stretch'
'https://watch.lesmillsondemand.com/at-home-workouts/season:8/videos/les-mills-technique-bicep-plate-curl'
'https://watch.lesmillsondemand.com/at-home-workouts/season:8/videos/les-mills-technique-bicep-curl'
'https://watch.lesmillsondemand.com/at-home-workouts/season:8/videos/les-mills-technique-parallel-woodchop-combo'
'https://watch.lesmillsondemand.com/at-home-workouts/season:8/videos/les-mills-technique-hopping-pendulum'
'https://watch.lesmillsondemand.com/at-home-workouts/season:8/videos/hover-knee-drop'
'https://watch.lesmillsondemand.com/at-home-workouts/season:8/videos/high-knee-run'
'https://watch.lesmillsondemand.com/at-home-workouts/season:8/videos/les-mills-technique-push-kick'
'https://watch.lesmillsondemand.com/at-home-workouts/season:8/videos/pushup'
'https://watch.lesmillsondemand.com/at-home-workouts/season:10/videos/dance-likenina'
'https://watch.lesmillsondemand.com/at-home-workouts/season:10/videos/les-mills-dance-contemporary'
'https://watch.lesmillsondemand.com/at-home-workouts/season:10/videos/les-mills-dance-club'
'https://watch.lesmillsondemand.com/at-home-workouts/season:10/videos/les-mills-dance-hip-hop'
'https://watch.lesmillsondemand.com/at-home-workouts/season:10/videos/lesmillsdance-hip-hop-2'
'https://watch.lesmillsondemand.com/at-home-workouts/season:10/videos/lesmillsdance-hip-hop-3'
'https://watch.lesmillsondemand.com/at-home-workouts/season:10/videos/les-mills-dance-house'